FUSE library version: 2.9.9
unique: 2, opcode: INIT (26), nodeid: 0, insize: 56, pid: 0
INIT: 7.34
flags=0x33fffffb
max_readahead=0x00020000
   INIT: 7.19
   flags=0x00000000
   max_readahead=0x00020000
   max_write=0x00020000
   max_background=0
   congestion_threshold=0
   unique: 2, success, outsize: 40
unique: 4, opcode: GETATTR (3), nodeid: 1, insize: 56, pid: 1914
getattr 0000000000000001 0
isfile: 1 is a dir
getdir 0000000000000001
   getattr -> 1670411339 1670411339 1670411339
   unique: 4, success, outsize: 120
unique: 6, opcode: LOOKUP (1), nodeid: 1, insize: 57, pid: 1914
want to look up :being_ernest.txt, the parent inode: 1
want to check dir parent inode: 1
want to check dir parent inode: 1
   unique: 6, error: -2 (No such file or directory), outsize: 16
unique: 8, opcode: LOOKUP (1), nodeid: 1, insize: 57, pid: 1914
want to look up :being_ernest.txt, the parent inode: 1
want to check dir parent inode: 1
want to check dir parent inode: 1
   unique: 8, error: -2 (No such file or directory), outsize: 16
unique: 10, opcode: LOOKUP (1), nodeid: 1, insize: 57, pid: 1914
want to look up :being_ernest.txt, the parent inode: 1
want to check dir parent inode: 1
want to check dir parent inode: 1
   unique: 10, error: -2 (No such file or directory), outsize: 16
unique: 12, opcode: CREATE (35), nodeid: 1, insize: 73, pid: 1914
create helper: 1, the name: being_ernest.txt, the type: 2
want to create file: being_ernest.txt, the parent inode: 1
want to check dir parent inode: 1
want to look up :being_ernest.txt, the parent inode: 1
want to check dir parent inode: 1
want to check dir parent inode: 1
isfile: 2 is a file
getattr 0000000000000002 1
isfile: 2 is a file
getfile 0000000000000002
getfile 0000000000000002 -> sz 0
   getattr -> 0
   unique: 12, success, outsize: 160
OK: create returns.
unique: 14, opcode: GETATTR (3), nodeid: 2, insize: 56, pid: 1914
isfile: 2 is a file
getattr 0000000000000002 1
isfile: 2 is a file
getfile 0000000000000002
getfile 0000000000000002 -> sz 0
   getattr -> 0
   unique: 14, success, outsize: 120
unique: 16, opcode: GETXATTR (22), nodeid: 2, insize: 68, pid: 1914
   unique: 16, error: -38 (Function not implemented), outsize: 16
unique: 18, opcode: WRITE (16), nodeid: 2, insize: 4176, pid: 1914
   unique: 18, success, outsize: 24
unique: 20, opcode: WRITE (16), nodeid: 2, insize: 4176, pid: 1914
   unique: 20, success, outsize: 24
unique: 22, opcode: WRITE (16), nodeid: 2, insize: 4176, pid: 1914
   unique: 22, success, outsize: 24
unique: 24, opcode: WRITE (16), nodeid: 2, insize: 4176, pid: 1914
   unique: 24, success, outsize: 24
unique: 26, opcode: WRITE (16), nodeid: 2, insize: 2833, pid: 1914
   unique: 26, success, outsize: 24
unique: 28, opcode: FLUSH (25), nodeid: 2, insize: 64, pid: 1914
   unique: 28, error: -38 (Function not implemented), outsize: 16
unique: 30, opcode: RELEASE (18), nodeid: 2, insize: 64, pid: 0
   unique: 30, success, outsize: 16
unique: 32, opcode: LOOKUP (1), nodeid: 1, insize: 57, pid: 1914
want to look up :being_ernest.txt, the parent inode: 1
want to check dir parent inode: 1
want to check dir parent inode: 1
isfile: 2 is a file
getattr 0000000000000002 1
isfile: 2 is a file
getfile 0000000000000002
getfile 0000000000000002 -> sz 19137
   getattr -> 19137
   unique: 32, success, outsize: 144
unique: 34, opcode: GETATTR (3), nodeid: 2, insize: 56, pid: 1914
isfile: 2 is a file
getattr 0000000000000002 1
isfile: 2 is a file
getfile 0000000000000002
getfile 0000000000000002 -> sz 19137
   getattr -> 19137
   unique: 34, success, outsize: 120
unique: 36, opcode: LOOKUP (1), nodeid: 1, insize: 56, pid: 1914
want to look up :dorian_gray.txt, the parent inode: 1
want to check dir parent inode: 1
want to check dir parent inode: 1
   unique: 36, error: -2 (No such file or directory), outsize: 16
unique: 38, opcode: LOOKUP (1), nodeid: 1, insize: 56, pid: 1914
want to look up :dorian_gray.txt, the parent inode: 1
want to check dir parent inode: 1
want to check dir parent inode: 1
   unique: 38, error: -2 (No such file or directory), outsize: 16
unique: 40, opcode: LOOKUP (1), nodeid: 1, insize: 56, pid: 1914
want to look up :dorian_gray.txt, the parent inode: 1
want to check dir parent inode: 1
want to check dir parent inode: 1
   unique: 40, error: -2 (No such file or directory), outsize: 16
unique: 42, opcode: CREATE (35), nodeid: 1, insize: 72, pid: 1914
create helper: 1, the name: dorian_gray.txt, the type: 2
want to create file: dorian_gray.txt, the parent inode: 1
want to check dir parent inode: 1
want to look up :dorian_gray.txt, the parent inode: 1
want to check dir parent inode: 1
want to check dir parent inode: 1
isfile: 3 is a file
getattr 0000000000000003 1
isfile: 3 is a file
getfile 0000000000000003
getfile 0000000000000003 -> sz 0
   getattr -> 0
   unique: 42, success, outsize: 160
OK: create returns.
unique: 44, opcode: GETATTR (3), nodeid: 3, insize: 56, pid: 1914
isfile: 3 is a file
getattr 0000000000000003 1
isfile: 3 is a file
getfile 0000000000000003
getfile 0000000000000003 -> sz 0
   getattr -> 0
   unique: 44, success, outsize: 120
unique: 46, opcode: WRITE (16), nodeid: 3, insize: 4176, pid: 1914
   unique: 46, success, outsize: 24
unique: 48, opcode: WRITE (16), nodeid: 3, insize: 4176, pid: 1914
   unique: 48, success, outsize: 24
unique: 50, opcode: WRITE (16), nodeid: 3, insize: 4176, pid: 1914
   unique: 50, success, outsize: 24
unique: 52, opcode: WRITE (16), nodeid: 3, insize: 4176, pid: 1914
   unique: 52, success, outsize: 24
unique: 54, opcode: WRITE (16), nodeid: 3, insize: 4176, pid: 1914
   unique: 54, success, outsize: 24
unique: 56, opcode: WRITE (16), nodeid: 3, insize: 4176, pid: 1914
   unique: 56, success, outsize: 24
unique: 58, opcode: WRITE (16), nodeid: 3, insize: 4176, pid: 1914
   unique: 58, success, outsize: 24
unique: 60, opcode: WRITE (16), nodeid: 3, insize: 589, pid: 1914
   unique: 60, success, outsize: 24
unique: 62, opcode: RELEASE (18), nodeid: 3, insize: 64, pid: 0
   unique: 62, success, outsize: 16
unique: 64, opcode: LOOKUP (1), nodeid: 1, insize: 56, pid: 1914
want to look up :dorian_gray.txt, the parent inode: 1
want to check dir parent inode: 1
want to check dir parent inode: 1
isfile: 3 is a file
getattr 0000000000000003 1
isfile: 3 is a file
getfile 0000000000000003
getfile 0000000000000003 -> sz 29181
   getattr -> 29181
   unique: 64, success, outsize: 144
unique: 66, opcode: GETATTR (3), nodeid: 3, insize: 56, pid: 1914
isfile: 3 is a file
getattr 0000000000000003 1
isfile: 3 is a file
getfile 0000000000000003
getfile 0000000000000003 -> sz 29181
   getattr -> 29181
   unique: 66, success, outsize: 120
unique: 68, opcode: LOOKUP (1), nodeid: 1, insize: 57, pid: 1914
want to look up :frankenstein.txt, the parent inode: 1
want to check dir parent inode: 1
want to check dir parent inode: 1
   unique: 68, error: -2 (No such file or directory), outsize: 16
unique: 70, opcode: LOOKUP (1), nodeid: 1, insize: 57, pid: 1914
want to look up :frankenstein.txt, the parent inode: 1
want to check dir parent inode: 1
want to check dir parent inode: 1
   unique: 70, error: -2 (No such file or directory), outsize: 16
unique: 72, opcode: LOOKUP (1), nodeid: 1, insize: 57, pid: 1914
want to look up :frankenstein.txt, the parent inode: 1
want to check dir parent inode: 1
want to check dir parent inode: 1
   unique: 72, error: -2 (No such file or directory), outsize: 16
unique: 74, opcode: CREATE (35), nodeid: 1, insize: 73, pid: 1914
create helper: 1, the name: frankenstein.txt, the type: 2
want to create file: frankenstein.txt, the parent inode: 1
want to check dir parent inode: 1
want to look up :frankenstein.txt, the parent inode: 1
want to check dir parent inode: 1
want to check dir parent inode: 1
isfile: 4 is a file
getattr 0000000000000004 1
isfile: 4 is a file
getfile 0000000000000004
getfile 0000000000000004 -> sz 0
   getattr -> 0
   unique: 74, success, outsize: 160
OK: create returns.
unique: 76, opcode: GETATTR (3), nodeid: 4, insize: 56, pid: 1914
isfile: 4 is a file
getattr 0000000000000004 1
isfile: 4 is a file
getfile 0000000000000004
getfile 0000000000000004 -> sz 0
   getattr -> 0
   unique: 76, success, outsize: 120
unique: 78, opcode: WRITE (16), nodeid: 4, insize: 4176, pid: 1914
   unique: 78, success, outsize: 24
unique: 80, opcode: WRITE (16), nodeid: 4, insize: 2948, pid: 1914
   unique: 80, success, outsize: 24
unique: 82, opcode: RELEASE (18), nodeid: 4, insize: 64, pid: 0
   unique: 82, success, outsize: 16
unique: 84, opcode: LOOKUP (1), nodeid: 1, insize: 57, pid: 1914
want to look up :frankenstein.txt, the parent inode: 1
want to check dir parent inode: 1
want to check dir parent inode: 1
isfile: 4 is a file
getattr 0000000000000004 1
isfile: 4 is a file
getfile 0000000000000004
getfile 0000000000000004 -> sz 6964
   getattr -> 6964
   unique: 84, success, outsize: 144
unique: 86, opcode: GETATTR (3), nodeid: 4, insize: 56, pid: 1914
isfile: 4 is a file
getattr 0000000000000004 1
isfile: 4 is a file
getfile 0000000000000004
getfile 0000000000000004 -> sz 6964
   getattr -> 6964
   unique: 86, success, outsize: 120
unique: 88, opcode: LOOKUP (1), nodeid: 1, insize: 58, pid: 1914
want to look up :metamorphosis.txt, the parent inode: 1
want to check dir parent inode: 1
want to check dir parent inode: 1
   unique: 88, error: -2 (No such file or directory), outsize: 16
unique: 90, opcode: LOOKUP (1), nodeid: 1, insize: 58, pid: 1914
want to look up :metamorphosis.txt, the parent inode: 1
want to check dir parent inode: 1
want to check dir parent inode: 1
   unique: 90, error: -2 (No such file or directory), outsize: 16
unique: 92, opcode: LOOKUP (1), nodeid: 1, insize: 58, pid: 1914
want to look up :metamorphosis.txt, the parent inode: 1
want to check dir parent inode: 1
want to check dir parent inode: 1
   unique: 92, error: -2 (No such file or directory), outsize: 16
unique: 94, opcode: CREATE (35), nodeid: 1, insize: 74, pid: 1914
create helper: 1, the name: metamorphosis.txt, the type: 2
want to create file: metamorphosis.txt, the parent inode: 1
want to check dir parent inode: 1
want to look up :metamorphosis.txt, the parent inode: 1
want to check dir parent inode: 1
want to check dir parent inode: 1
isfile: 5 is a file
getattr 0000000000000005 1
isfile: 5 is a file
getfile 0000000000000005
getfile 0000000000000005 -> sz 0
   getattr -> 0
   unique: 94, success, outsize: 160
OK: create returns.
unique: 96, opcode: GETATTR (3), nodeid: 5, insize: 56, pid: 1914
isfile: 5 is a file
getattr 0000000000000005 1
isfile: 5 is a file
getfile 0000000000000005
getfile 0000000000000005 -> sz 0
   getattr -> 0
   unique: 96, success, outsize: 120
unique: 98, opcode: WRITE (16), nodeid: 5, insize: 4176, pid: 1914
   unique: 98, success, outsize: 24
unique: 100, opcode: WRITE (16), nodeid: 5, insize: 4176, pid: 1914
   unique: 100, success, outsize: 24
unique: 102, opcode: WRITE (16), nodeid: 5, insize: 4176, pid: 1914
   unique: 102, success, outsize: 24
unique: 104, opcode: WRITE (16), nodeid: 5, insize: 4176, pid: 1914
   unique: 104, success, outsize: 24
unique: 106, opcode: WRITE (16), nodeid: 5, insize: 4176, pid: 1914
   unique: 106, success, outsize: 24
unique: 108, opcode: WRITE (16), nodeid: 5, insize: 4176, pid: 1914
   unique: 108, success, outsize: 24
unique: 110, opcode: WRITE (16), nodeid: 5, insize: 4176, pid: 1914
   unique: 110, success, outsize: 24
unique: 112, opcode: WRITE (16), nodeid: 5, insize: 4176, pid: 1914
   unique: 112, success, outsize: 24
unique: 114, opcode: WRITE (16), nodeid: 5, insize: 4176, pid: 1914
   unique: 114, success, outsize: 24
unique: 116, opcode: WRITE (16), nodeid: 5, insize: 1560, pid: 1914
   unique: 116, success, outsize: 24
unique: 118, opcode: RELEASE (18), nodeid: 5, insize: 64, pid: 0
   unique: 118, success, outsize: 16
unique: 120, opcode: LOOKUP (1), nodeid: 1, insize: 58, pid: 1914
want to look up :metamorphosis.txt, the parent inode: 1
want to check dir parent inode: 1
want to check dir parent inode: 1
isfile: 5 is a file
getattr 0000000000000005 1
isfile: 5 is a file
getfile 0000000000000005
getfile 0000000000000005 -> sz 38344
   getattr -> 38344
   unique: 120, success, outsize: 144
unique: 122, opcode: GETATTR (3), nodeid: 5, insize: 56, pid: 1914
isfile: 5 is a file
getattr 0000000000000005 1
isfile: 5 is a file
getfile 0000000000000005
getfile 0000000000000005 -> sz 38344
   getattr -> 38344
   unique: 122, success, outsize: 120
unique: 124, opcode: LOOKUP (1), nodeid: 1, insize: 60, pid: 1914
want to look up :sherlock_holmes.txt, the parent inode: 1
want to check dir parent inode: 1
want to check dir parent inode: 1
   unique: 124, error: -2 (No such file or directory), outsize: 16
unique: 126, opcode: LOOKUP (1), nodeid: 1, insize: 60, pid: 1914
want to look up :sherlock_holmes.txt, the parent inode: 1
want to check dir parent inode: 1
want to check dir parent inode: 1
   unique: 126, error: -2 (No such file or directory), outsize: 16
unique: 128, opcode: LOOKUP (1), nodeid: 1, insize: 60, pid: 1914
want to look up :sherlock_holmes.txt, the parent inode: 1
want to check dir parent inode: 1
want to check dir parent inode: 1
   unique: 128, error: -2 (No such file or directory), outsize: 16
unique: 130, opcode: CREATE (35), nodeid: 1, insize: 76, pid: 1914
create helper: 1, the name: sherlock_holmes.txt, the type: 2
want to create file: sherlock_holmes.txt, the parent inode: 1
want to check dir parent inode: 1
want to look up :sherlock_holmes.txt, the parent inode: 1
want to check dir parent inode: 1
want to check dir parent inode: 1
isfile: 6 is a file
getattr 0000000000000006 1
isfile: 6 is a file
getfile 0000000000000006
getfile 0000000000000006 -> sz 0
   getattr -> 0
   unique: 130, success, outsize: 160
OK: create returns.
unique: 132, opcode: GETATTR (3), nodeid: 6, insize: 56, pid: 1914
isfile: 6 is a file
getattr 0000000000000006 1
isfile: 6 is a file
getfile 0000000000000006
getfile 0000000000000006 -> sz 0
   getattr -> 0
   unique: 132, success, outsize: 120
unique: 134, opcode: WRITE (16), nodeid: 6, insize: 4176, pid: 1914
   unique: 134, success, outsize: 24
unique: 136, opcode: WRITE (16), nodeid: 6, insize: 4176, pid: 1914
   unique: 136, success, outsize: 24
unique: 138, opcode: WRITE (16), nodeid: 6, insize: 4176, pid: 1914
   unique: 138, success, outsize: 24
unique: 140, opcode: WRITE (16), nodeid: 6, insize: 4176, pid: 1914
   unique: 140, success, outsize: 24
unique: 142, opcode: WRITE (16), nodeid: 6, insize: 3350, pid: 1914
   unique: 142, success, outsize: 24
unique: 144, opcode: RELEASE (18), nodeid: 6, insize: 64, pid: 0
   unique: 144, success, outsize: 16
unique: 146, opcode: LOOKUP (1), nodeid: 1, insize: 60, pid: 1914
want to look up :sherlock_holmes.txt, the parent inode: 1
want to check dir parent inode: 1
want to check dir parent inode: 1
isfile: 6 is a file
getattr 0000000000000006 1
isfile: 6 is a file
getfile 0000000000000006
getfile 0000000000000006 -> sz 19654
   getattr -> 19654
   unique: 146, success, outsize: 144
unique: 148, opcode: GETATTR (3), nodeid: 6, insize: 56, pid: 1914
isfile: 6 is a file
getattr 0000000000000006 1
isfile: 6 is a file
getfile 0000000000000006
getfile 0000000000000006 -> sz 19654
   getattr -> 19654
   unique: 148, success, outsize: 120
unique: 150, opcode: LOOKUP (1), nodeid: 1, insize: 55, pid: 1914
want to look up :tom_sawyer.txt, the parent inode: 1
want to check dir parent inode: 1
want to check dir parent inode: 1
   unique: 150, error: -2 (No such file or directory), outsize: 16
unique: 152, opcode: LOOKUP (1), nodeid: 1, insize: 55, pid: 1914
want to look up :tom_sawyer.txt, the parent inode: 1
want to check dir parent inode: 1
want to check dir parent inode: 1
   unique: 152, error: -2 (No such file or directory), outsize: 16
unique: 154, opcode: LOOKUP (1), nodeid: 1, insize: 55, pid: 1914
want to look up :tom_sawyer.txt, the parent inode: 1
want to check dir parent inode: 1
want to check dir parent inode: 1
   unique: 154, error: -2 (No such file or directory), outsize: 16
unique: 156, opcode: CREATE (35), nodeid: 1, insize: 71, pid: 1914
create helper: 1, the name: tom_sawyer.txt, the type: 2
want to create file: tom_sawyer.txt, the parent inode: 1
want to check dir parent inode: 1
want to look up :tom_sawyer.txt, the parent inode: 1
want to check dir parent inode: 1
want to check dir parent inode: 1
isfile: 7 is a file
getattr 0000000000000007 1
isfile: 7 is a file
getfile 0000000000000007
getfile 0000000000000007 -> sz 0
   getattr -> 0
   unique: 156, success, outsize: 160
OK: create returns.
unique: 158, opcode: GETATTR (3), nodeid: 7, insize: 56, pid: 1914
isfile: 7 is a file
getattr 0000000000000007 1
isfile: 7 is a file
getfile 0000000000000007
getfile 0000000000000007 -> sz 0
   getattr -> 0
   unique: 158, success, outsize: 120
unique: 160, opcode: WRITE (16), nodeid: 7, insize: 4176, pid: 1914
   unique: 160, success, outsize: 24
unique: 162, opcode: WRITE (16), nodeid: 7, insize: 2754, pid: 1914
   unique: 162, success, outsize: 24
unique: 164, opcode: RELEASE (18), nodeid: 7, insize: 64, pid: 0
   unique: 164, success, outsize: 16
unique: 166, opcode: LOOKUP (1), nodeid: 1, insize: 55, pid: 1914
want to look up :tom_sawyer.txt, the parent inode: 1
want to check dir parent inode: 1
want to check dir parent inode: 1
isfile: 7 is a file
getattr 0000000000000007 1
isfile: 7 is a file
getfile 0000000000000007
getfile 0000000000000007 -> sz 6770
   getattr -> 6770
   unique: 166, success, outsize: 144
unique: 168, opcode: GETATTR (3), nodeid: 7, insize: 56, pid: 1914
isfile: 7 is a file
getattr 0000000000000007 1
isfile: 7 is a file
getfile 0000000000000007
getfile 0000000000000007 -> sz 6770
   getattr -> 6770
   unique: 168, success, outsize: 120
unique: 170, opcode: OPENDIR (27), nodeid: 1, insize: 48, pid: 1912
   unique: 170, success, outsize: 32
unique: 172, opcode: GETATTR (3), nodeid: 1, insize: 56, pid: 1912
getattr 0000000000000001 0
isfile: 1 is a dir
getdir 0000000000000001
   getattr -> 1670411369 1670411367 1670411367
   unique: 172, success, outsize: 120
unique: 174, opcode: READDIR (28), nodeid: 1, insize: 80, pid: 1912
isfile: 1 is a dir
want to check dir parent inode: 1
   unique: 174, success, outsize: 272
unique: 176, opcode: READDIR (28), nodeid: 1, insize: 80, pid: 1912
isfile: 1 is a dir
want to check dir parent inode: 1
   unique: 176, success, outsize: 16
unique: 178, opcode: RELEASEDIR (29), nodeid: 1, insize: 64, pid: 0
   unique: 178, success, outsize: 16
unique: 180, opcode: LOOKUP (1), nodeid: 1, insize: 49, pid: 1915
want to look up :mr-out-0, the parent inode: 1
want to check dir parent inode: 1
want to check dir parent inode: 1
   unique: 180, error: -2 (No such file or directory), outsize: 16
unique: 182, opcode: CREATE (35), nodeid: 1, insize: 65, pid: 1915
create helper: 1, the name: mr-out-0, the type: 2
want to create file: mr-out-0, the parent inode: 1
want to check dir parent inode: 1
want to look up :mr-out-0, the parent inode: 1
want to check dir parent inode: 1
want to check dir parent inode: 1
isfile: 8 is a file
getattr 0000000000000008 1
isfile: 8 is a file
getfile 0000000000000008
getfile 0000000000000008 -> sz 0
   getattr -> 0
   unique: 182, success, outsize: 160
OK: create returns.
unique: 184, opcode: LOOKUP (1), nodeid: 1, insize: 57, pid: 1915
want to look up :being_ernest.txt, the parent inode: 1
want to check dir parent inode: 1
want to check dir parent inode: 1
isfile: 2 is a file
getattr 0000000000000002 1
isfile: 2 is a file
getfile 0000000000000002
getfile 0000000000000002 -> sz 19137
   getattr -> 19137
   unique: 184, success, outsize: 144
unique: 186, opcode: OPEN (14), nodeid: 2, insize: 48, pid: 1915
   unique: 186, success, outsize: 32
unique: 188, opcode: READ (15), nodeid: 2, insize: 80, pid: 1915
   unique: 188, success, outsize: 16400
unique: 190, opcode: READ (15), nodeid: 2, insize: 80, pid: 1915
   unique: 190, success, outsize: 2769
unique: 192, opcode: GETATTR (3), nodeid: 2, insize: 56, pid: 1915
isfile: 2 is a file
getattr 0000000000000002 1
isfile: 2 is a file
getfile 0000000000000002
getfile 0000000000000002 -> sz 19137
   getattr -> 19137
   unique: 192, success, outsize: 120
unique: 194, opcode: GETATTR (3), nodeid: 2, insize: 56, pid: 1915
isfile: 2 is a file
getattr 0000000000000002 1
isfile: 2 is a file
getfile 0000000000000002
getfile 0000000000000002 -> sz 19137
   getattr -> 19137
   unique: 194, success, outsize: 120
unique: 196, opcode: RELEASE (18), nodeid: 2, insize: 64, pid: 0
   unique: 196, success, outsize: 16
unique: 198, opcode: LOOKUP (1), nodeid: 1, insize: 56, pid: 1915
want to look up :dorian_gray.txt, the parent inode: 1
want to check dir parent inode: 1
want to check dir parent inode: 1
isfile: 3 is a file
getattr 0000000000000003 1
isfile: 3 is a file
getfile 0000000000000003
getfile 0000000000000003 -> sz 29181
   getattr -> 29181
   unique: 198, success, outsize: 144
unique: 200, opcode: OPEN (14), nodeid: 3, insize: 48, pid: 1915
   unique: 200, success, outsize: 32
unique: 202, opcode: READ (15), nodeid: 3, insize: 80, pid: 1915
   unique: 202, success, outsize: 16400
unique: 204, opcode: READ (15), nodeid: 3, insize: 80, pid: 1915
   unique: 204, success, outsize: 12813
unique: 206, opcode: GETATTR (3), nodeid: 3, insize: 56, pid: 1915
isfile: 3 is a file
getattr 0000000000000003 1
isfile: 3 is a file
getfile 0000000000000003
getfile 0000000000000003 -> sz 29181
   getattr -> 29181
   unique: 206, success, outsize: 120
unique: 208, opcode: GETATTR (3), nodeid: 3, insize: 56, pid: 1915
isfile: 3 is a file
getattr 0000000000000003 1
isfile: 3 is a file
getfile 0000000000000003
getfile 0000000000000003 -> sz 29181
   getattr -> 29181
   unique: 208, success, outsize: 120
unique: 210, opcode: RELEASE (18), nodeid: 3, insize: 64, pid: 0
   unique: 210, success, outsize: 16
unique: 212, opcode: LOOKUP (1), nodeid: 1, insize: 57, pid: 1915
want to look up :frankenstein.txt, the parent inode: 1
want to check dir parent inode: 1
want to check dir parent inode: 1
isfile: 4 is a file
getattr 0000000000000004 1
isfile: 4 is a file
getfile 0000000000000004
getfile 0000000000000004 -> sz 6964
   getattr -> 6964
   unique: 212, success, outsize: 144
unique: 214, opcode: OPEN (14), nodeid: 4, insize: 48, pid: 1915
   unique: 214, success, outsize: 32
unique: 216, opcode: GETATTR (3), nodeid: 4, insize: 56, pid: 1915
isfile: 4 is a file
getattr 0000000000000004 1
isfile: 4 is a file
getfile 0000000000000004
getfile 0000000000000004 -> sz 6964
   getattr -> 6964
   unique: 216, success, outsize: 120
unique: 218, opcode: READ (15), nodeid: 4, insize: 80, pid: 1915
   unique: 218, success, outsize: 6980
unique: 220, opcode: GETATTR (3), nodeid: 4, insize: 56, pid: 1915
isfile: 4 is a file
getattr 0000000000000004 1
isfile: 4 is a file
getfile 0000000000000004
getfile 0000000000000004 -> sz 6964
   getattr -> 6964
   unique: 220, success, outsize: 120
unique: 222, opcode: RELEASE (18), nodeid: 4, insize: 64, pid: 0
   unique: 222, success, outsize: 16
unique: 224, opcode: LOOKUP (1), nodeid: 1, insize: 58, pid: 1915
want to look up :metamorphosis.txt, the parent inode: 1
want to check dir parent inode: 1
want to check dir parent inode: 1
isfile: 5 is a file
getattr 0000000000000005 1
isfile: 5 is a file
getfile 0000000000000005
getfile 0000000000000005 -> sz 38344
   getattr -> 38344
   unique: 224, success, outsize: 144
unique: 226, opcode: OPEN (14), nodeid: 5, insize: 48, pid: 1915
   unique: 226, success, outsize: 32
unique: 228, opcode: READ (15), nodeid: 5, insize: 80, pid: 1915
   unique: 228, success, outsize: 16400
unique: 230, opcode: READ (15), nodeid: 5, insize: 80, pid: 1915
   unique: 230, success, outsize: 21976
unique: 232, opcode: GETATTR (3), nodeid: 5, insize: 56, pid: 1915
isfile: 5 is a file
getattr 0000000000000005 1
isfile: 5 is a file
getfile 0000000000000005
getfile 0000000000000005 -> sz 38344
   getattr -> 38344
   unique: 232, success, outsize: 120
unique: 234, opcode: GETATTR (3), nodeid: 5, insize: 56, pid: 1915
isfile: 5 is a file
getattr 0000000000000005 1
isfile: 5 is a file
getfile 0000000000000005
getfile 0000000000000005 -> sz 38344
   getattr -> 38344
   unique: 234, success, outsize: 120
unique: 236, opcode: RELEASE (18), nodeid: 5, insize: 64, pid: 0
   unique: 236, success, outsize: 16
unique: 238, opcode: LOOKUP (1), nodeid: 1, insize: 60, pid: 1915
want to look up :sherlock_holmes.txt, the parent inode: 1
want to check dir parent inode: 1
want to check dir parent inode: 1
isfile: 6 is a file
getattr 0000000000000006 1
isfile: 6 is a file
getfile 0000000000000006
getfile 0000000000000006 -> sz 19654
   getattr -> 19654
   unique: 238, success, outsize: 144
unique: 240, opcode: OPEN (14), nodeid: 6, insize: 48, pid: 1915
   unique: 240, success, outsize: 32
unique: 242, opcode: READ (15), nodeid: 6, insize: 80, pid: 1915
   unique: 242, success, outsize: 16400
unique: 244, opcode: READ (15), nodeid: 6, insize: 80, pid: 1915
   unique: 244, success, outsize: 3286
unique: 246, opcode: GETATTR (3), nodeid: 6, insize: 56, pid: 1915
isfile: 6 is a file
getattr 0000000000000006 1
isfile: 6 is a file
getfile 0000000000000006
getfile 0000000000000006 -> sz 19654
   getattr -> 19654
   unique: 246, success, outsize: 120
unique: 248, opcode: GETATTR (3), nodeid: 6, insize: 56, pid: 1915
isfile: 6 is a file
getattr 0000000000000006 1
isfile: 6 is a file
getfile 0000000000000006
getfile 0000000000000006 -> sz 19654
   getattr -> 19654
   unique: 248, success, outsize: 120
unique: 250, opcode: RELEASE (18), nodeid: 6, insize: 64, pid: 0
   unique: 250, success, outsize: 16
unique: 252, opcode: LOOKUP (1), nodeid: 1, insize: 55, pid: 1915
want to look up :tom_sawyer.txt, the parent inode: 1
want to check dir parent inode: 1
want to check dir parent inode: 1
isfile: 7 is a file
getattr 0000000000000007 1
isfile: 7 is a file
getfile 0000000000000007
getfile 0000000000000007 -> sz 6770
   getattr -> 6770
   unique: 252, success, outsize: 144
unique: 254, opcode: OPEN (14), nodeid: 7, insize: 48, pid: 1915
   unique: 254, success, outsize: 32
unique: 256, opcode: GETATTR (3), nodeid: 7, insize: 56, pid: 1915
isfile: 7 is a file
getattr 0000000000000007 1
isfile: 7 is a file
getfile 0000000000000007
getfile 0000000000000007 -> sz 6770
   getattr -> 6770
   unique: 256, success, outsize: 120
unique: 258, opcode: READ (15), nodeid: 7, insize: 80, pid: 1915
   unique: 258, success, outsize: 6786
unique: 260, opcode: GETATTR (3), nodeid: 7, insize: 56, pid: 1915
isfile: 7 is a file
getattr 0000000000000007 1
isfile: 7 is a file
getfile 0000000000000007
getfile 0000000000000007 -> sz 6770
   getattr -> 6770
   unique: 260, success, outsize: 120
unique: 262, opcode: RELEASE (18), nodeid: 7, insize: 64, pid: 0
   unique: 262, success, outsize: 16
unique: 264, opcode: GETATTR (3), nodeid: 8, insize: 56, pid: 1915
isfile: 8 is a file
getattr 0000000000000008 1
isfile: 8 is a file
getfile 0000000000000008
getfile 0000000000000008 -> sz 0
   getattr -> 0
   unique: 264, success, outsize: 120
unique: 266, opcode: WRITE (16), nodeid: 8, insize: 4176, pid: 1915
   unique: 266, success, outsize: 24
unique: 268, opcode: WRITE (16), nodeid: 8, insize: 4176, pid: 1915
   unique: 268, success, outsize: 24
unique: 270, opcode: WRITE (16), nodeid: 8, insize: 4176, pid: 1915
   unique: 270, success, outsize: 24
unique: 272, opcode: WRITE (16), nodeid: 8, insize: 4176, pid: 1915
   unique: 272, success, outsize: 24
unique: 274, opcode: WRITE (16), nodeid: 8, insize: 4176, pid: 1915
   unique: 274, success, outsize: 24
unique: 276, opcode: WRITE (16), nodeid: 8, insize: 4176, pid: 1915
   unique: 276, success, outsize: 24
unique: 278, opcode: WRITE (16), nodeid: 8, insize: 4176, pid: 1915
   unique: 278, success, outsize: 24
unique: 280, opcode: WRITE (16), nodeid: 8, insize: 4176, pid: 1915
   unique: 280, success, outsize: 24
unique: 282, opcode: WRITE (16), nodeid: 8, insize: 4176, pid: 1915
   unique: 282, success, outsize: 24
unique: 284, opcode: WRITE (16), nodeid: 8, insize: 2473, pid: 1915
   unique: 284, success, outsize: 24
unique: 286, opcode: RELEASE (18), nodeid: 8, insize: 64, pid: 0
   unique: 286, success, outsize: 16
unique: 288, opcode: LOOKUP (1), nodeid: 1, insize: 46, pid: 1916
want to look up :mr-wc, the parent inode: 1
want to check dir parent inode: 1
want to check dir parent inode: 1
   unique: 288, error: -2 (No such file or directory), outsize: 16
unique: 290, opcode: CREATE (35), nodeid: 1, insize: 62, pid: 1916
create helper: 1, the name: mr-wc, the type: 2
want to create file: mr-wc, the parent inode: 1
want to check dir parent inode: 1
want to look up :mr-wc, the parent inode: 1
want to check dir parent inode: 1
want to check dir parent inode: 1
isfile: 9 is a file
getattr 0000000000000009 1
isfile: 9 is a file
getfile 0000000000000009
getfile 0000000000000009 -> sz 0
   getattr -> 0
   unique: 290, success, outsize: 160
OK: create returns.
unique: 292, opcode: LOOKUP (1), nodeid: 1, insize: 49, pid: 1916
want to look up :mr-out-0, the parent inode: 1
want to check dir parent inode: 1
want to check dir parent inode: 1
isfile: 8 is a file
getattr 0000000000000008 1
isfile: 8 is a file
getfile 0000000000000008
getfile 0000000000000008 -> sz 39257
   getattr -> 39257
   unique: 292, success, outsize: 144
unique: 294, opcode: GETATTR (3), nodeid: 8, insize: 56, pid: 1916
isfile: 8 is a file
getattr 0000000000000008 1
isfile: 8 is a file
getfile 0000000000000008
getfile 0000000000000008 -> sz 39257
   getattr -> 39257
   unique: 294, success, outsize: 120
unique: 296, opcode: LOOKUP (1), nodeid: 1, insize: 49, pid: 1916
want to look up :mr-out-0, the parent inode: 1
want to check dir parent inode: 1
want to check dir parent inode: 1
isfile: 8 is a file
getattr 0000000000000008 1
isfile: 8 is a file
getfile 0000000000000008
getfile 0000000000000008 -> sz 39257
   getattr -> 39257
   unique: 296, success, outsize: 144
unique: 298, opcode: ACCESS (34), nodeid: 8, insize: 48, pid: 1916
   unique: 298, error: -38 (Function not implemented), outsize: 16
unique: 300, opcode: LOOKUP (1), nodeid: 1, insize: 49, pid: 1916
want to look up :mr-out-0, the parent inode: 1
want to check dir parent inode: 1
want to check dir parent inode: 1
isfile: 8 is a file
getattr 0000000000000008 1
isfile: 8 is a file
getfile 0000000000000008
getfile 0000000000000008 -> sz 39257
   getattr -> 39257
   unique: 300, success, outsize: 144
unique: 302, opcode: OPEN (14), nodeid: 8, insize: 48, pid: 1916
   unique: 302, success, outsize: 32
unique: 304, opcode: GETATTR (3), nodeid: 8, insize: 56, pid: 1916
isfile: 8 is a file
getattr 0000000000000008 1
isfile: 8 is a file
getfile 0000000000000008
getfile 0000000000000008 -> sz 39257
   getattr -> 39257
   unique: 304, success, outsize: 120
unique: 306, opcode: GETATTR (3), nodeid: 8, insize: 56, pid: 1916
isfile: 8 is a file
getattr 0000000000000008 1
isfile: 8 is a file
getfile 0000000000000008
getfile 0000000000000008 -> sz 39257
   getattr -> 39257
   unique: 306, success, outsize: 120
unique: 308, opcode: READ (15), nodeid: 8, insize: 80, pid: 1916
   unique: 308, success, outsize: 39273
unique: 310, opcode: GETATTR (3), nodeid: 8, insize: 56, pid: 1916
isfile: 8 is a file
getattr 0000000000000008 1
isfile: 8 is a file
getfile 0000000000000008
getfile 0000000000000008 -> sz 39257
   getattr -> 39257
   unique: 310, success, outsize: 120
unique: 312, opcode: GETATTR (3), nodeid: 8, insize: 56, pid: 1916
isfile: 8 is a file
getattr 0000000000000008 1
isfile: 8 is a file
getfile 0000000000000008
getfile 0000000000000008 -> sz 39257
   getattr -> 39257
   unique: 312, success, outsize: 120
unique: 314, opcode: RELEASE (18), nodeid: 8, insize: 64, pid: 0
   unique: 314, success, outsize: 16
unique: 316, opcode: GETATTR (3), nodeid: 9, insize: 56, pid: 1916
isfile: 9 is a file
getattr 0000000000000009 1
isfile: 9 is a file
getfile 0000000000000009
getfile 0000000000000009 -> sz 0
   getattr -> 0
   unique: 316, success, outsize: 120
unique: 318, opcode: WRITE (16), nodeid: 9, insize: 4176, pid: 1916
   unique: 318, success, outsize: 24
unique: 320, opcode: WRITE (16), nodeid: 9, insize: 4176, pid: 1916
   unique: 320, success, outsize: 24
unique: 322, opcode: WRITE (16), nodeid: 9, insize: 4176, pid: 1916
   unique: 322, success, outsize: 24
unique: 324, opcode: WRITE (16), nodeid: 9, insize: 4176, pid: 1916
   unique: 324, success, outsize: 24
unique: 326, opcode: WRITE (16), nodeid: 9, insize: 4176, pid: 1916
   unique: 326, success, outsize: 24
unique: 328, opcode: WRITE (16), nodeid: 9, insize: 4176, pid: 1916
   unique: 328, success, outsize: 24
unique: 330, opcode: WRITE (16), nodeid: 9, insize: 4176, pid: 1916
   unique: 330, success, outsize: 24
unique: 332, opcode: WRITE (16), nodeid: 9, insize: 4176, pid: 1916
   unique: 332, success, outsize: 24
unique: 334, opcode: WRITE (16), nodeid: 9, insize: 4176, pid: 1916
   unique: 334, success, outsize: 24
unique: 336, opcode: WRITE (16), nodeid: 9, insize: 2473, pid: 1916
   unique: 336, success, outsize: 24
unique: 338, opcode: RELEASE (18), nodeid: 9, insize: 64, pid: 0
   unique: 338, success, outsize: 16
unique: 340, opcode: OPENDIR (27), nodeid: 1, insize: 48, pid: 1912
   unique: 340, success, outsize: 32
unique: 342, opcode: GETATTR (3), nodeid: 1, insize: 56, pid: 1912
getattr 0000000000000001 0
isfile: 1 is a dir
getdir 0000000000000001
   getattr -> 1670411387 1670411385 1670411385
   unique: 342, success, outsize: 120
unique: 344, opcode: READDIR (28), nodeid: 1, insize: 80, pid: 1912
isfile: 1 is a dir
want to check dir parent inode: 1
   unique: 344, success, outsize: 336
unique: 346, opcode: READDIR (28), nodeid: 1, insize: 80, pid: 1912
isfile: 1 is a dir
want to check dir parent inode: 1
   unique: 346, success, outsize: 16
unique: 348, opcode: RELEASEDIR (29), nodeid: 1, insize: 64, pid: 0
   unique: 348, success, outsize: 16
unique: 350, opcode: LOOKUP (1), nodeid: 1, insize: 49, pid: 1917
want to look up :mr-out-0, the parent inode: 1
want to check dir parent inode: 1
want to check dir parent inode: 1
isfile: 8 is a file
getattr 0000000000000008 1
isfile: 8 is a file
getfile 0000000000000008
getfile 0000000000000008 -> sz 39257
   getattr -> 39257
   unique: 350, success, outsize: 144
unique: 352, opcode: GETATTR (3), nodeid: 8, insize: 56, pid: 1917
isfile: 8 is a file
getattr 0000000000000008 1
isfile: 8 is a file
getfile 0000000000000008
getfile 0000000000000008 -> sz 39257
   getattr -> 39257
   unique: 352, success, outsize: 120
unique: 354, opcode: LOOKUP (1), nodeid: 1, insize: 49, pid: 1917
want to look up :mr-out-0, the parent inode: 1
want to check dir parent inode: 1
want to check dir parent inode: 1
isfile: 8 is a file
getattr 0000000000000008 1
isfile: 8 is a file
getfile 0000000000000008
getfile 0000000000000008 -> sz 39257
   getattr -> 39257
   unique: 354, success, outsize: 144
unique: 356, opcode: UNLINK (10), nodeid: 1, insize: 49, pid: 1917
want to check dir parent inode: 1
want to look up :mr-out-0, the parent inode: 1
want to check dir parent inode: 1
want to check dir parent inode: 1
isfile: 8 is a file
want to check dir parent inode: 1
   unique: 356, success, outsize: 16
unique: 358, opcode: FORGET (2), nodeid: 8, insize: 48, pid: 0
unique: 360, opcode: LOOKUP (1), nodeid: 1, insize: 46, pid: 1928
want to look up :mr-wc, the parent inode: 1
want to check dir parent inode: 1
want to check dir parent inode: 1
isfile: 9 is a file
getattr 0000000000000009 1
isfile: 9 is a file
getfile 0000000000000009
getfile 0000000000000009 -> sz 39257
   getattr -> 39257
   unique: 360, success, outsize: 144
unique: 362, opcode: OPEN (14), nodeid: 9, insize: 48, pid: 1928
   unique: 362, success, outsize: 32
unique: 364, opcode: GETATTR (3), nodeid: 9, insize: 56, pid: 1928
isfile: 9 is a file
getattr 0000000000000009 1
isfile: 9 is a file
getfile 0000000000000009
getfile 0000000000000009 -> sz 39257
   getattr -> 39257
   unique: 364, success, outsize: 120
unique: 366, opcode: READ (15), nodeid: 9, insize: 80, pid: 1928
   unique: 366, success, outsize: 16400
unique: 368, opcode: READ (15), nodeid: 9, insize: 80, pid: 1928
   unique: 368, success, outsize: 22889
unique: 370, opcode: GETATTR (3), nodeid: 9, insize: 56, pid: 1928
isfile: 9 is a file
getattr 0000000000000009 1
isfile: 9 is a file
getfile 0000000000000009
getfile 0000000000000009 -> sz 39257
   getattr -> 39257
   unique: 370, success, outsize: 120
unique: 372, opcode: GETATTR (3), nodeid: 9, insize: 56, pid: 1928
isfile: 9 is a file
getattr 0000000000000009 1
isfile: 9 is a file
getfile 0000000000000009
getfile 0000000000000009 -> sz 39257
   getattr -> 39257
   unique: 372, success, outsize: 120
unique: 374, opcode: RELEASE (18), nodeid: 9, insize: 64, pid: 0
   unique: 374, success, outsize: 16
unique: 376, opcode: OPENDIR (27), nodeid: 1, insize: 48, pid: 1931
   unique: 376, success, outsize: 32
unique: 378, opcode: GETATTR (3), nodeid: 1, insize: 56, pid: 1931
getattr 0000000000000001 0
isfile: 1 is a dir
getdir 0000000000000001
   getattr -> 1670411397 1670411396 1670411396
   unique: 378, success, outsize: 120
unique: 380, opcode: READDIR (28), nodeid: 1, insize: 80, pid: 1931
isfile: 1 is a dir
want to check dir parent inode: 1
   unique: 380, success, outsize: 304
unique: 382, opcode: READDIR (28), nodeid: 1, insize: 80, pid: 1931
isfile: 1 is a dir
want to check dir parent inode: 1
   unique: 382, success, outsize: 16
unique: 384, opcode: RELEASEDIR (29), nodeid: 1, insize: 64, pid: 0
   unique: 384, success, outsize: 16
unique: 386, opcode: LOOKUP (1), nodeid: 1, insize: 57, pid: 1933
want to look up :being_ernest.txt, the parent inode: 1
want to check dir parent inode: 1
want to check dir parent inode: 1
isfile: 2 is a file
getattr 0000000000000002 1
isfile: 2 is a file
getfile 0000000000000002
getfile 0000000000000002 -> sz 19137
   getattr -> 19137
   unique: 386, success, outsize: 144
unique: 388, opcode: GETATTR (3), nodeid: 2, insize: 56, pid: 1933
isfile: 2 is a file
getattr 0000000000000002 1
isfile: 2 is a file
getfile 0000000000000002
getfile 0000000000000002 -> sz 19137
   getattr -> 19137
   unique: 388, success, outsize: 120
unique: 390, opcode: LOOKUP (1), nodeid: 1, insize: 57, pid: 1933
want to look up :being_ernest.txt, the parent inode: 1
want to check dir parent inode: 1
want to check dir parent inode: 1
isfile: 2 is a file
getattr 0000000000000002 1
isfile: 2 is a file
getfile 0000000000000002
getfile 0000000000000002 -> sz 19137
   getattr -> 19137
   unique: 390, success, outsize: 144
unique: 392, opcode: GETATTR (3), nodeid: 2, insize: 56, pid: 1933
isfile: 2 is a file
getattr 0000000000000002 1
isfile: 2 is a file
getfile 0000000000000002
getfile 0000000000000002 -> sz 19137
   getattr -> 19137
   unique: 392, success, outsize: 120
unique: 394, opcode: LOOKUP (1), nodeid: 1, insize: 57, pid: 1933
want to look up :being_ernest.txt, the parent inode: 1
want to check dir parent inode: 1
want to check dir parent inode: 1
isfile: 2 is a file
getattr 0000000000000002 1
isfile: 2 is a file
getfile 0000000000000002
getfile 0000000000000002 -> sz 19137
   getattr -> 19137
   unique: 394, success, outsize: 144
unique: 396, opcode: LOOKUP (1), nodeid: 1, insize: 57, pid: 1933
want to look up :being_ernest.txt, the parent inode: 1
want to check dir parent inode: 1
want to check dir parent inode: 1
isfile: 2 is a file
getattr 0000000000000002 1
isfile: 2 is a file
getfile 0000000000000002
getfile 0000000000000002 -> sz 19137
   getattr -> 19137
   unique: 396, success, outsize: 144
unique: 398, opcode: UNLINK (10), nodeid: 1, insize: 57, pid: 1933
want to check dir parent inode: 1
want to look up :being_ernest.txt, the parent inode: 1
want to check dir parent inode: 1
want to check dir parent inode: 1
isfile: 2 is a file
want to check dir parent inode: 1
   unique: 398, success, outsize: 16
unique: 400, opcode: LOOKUP (1), nodeid: 1, insize: 56, pid: 1933
want to look up :dorian_gray.txt, the parent inode: 1
want to check dir parent inode: 1
want to check dir parent inode: 1
isfile: 3 is a file
getattr 0000000000000003 1
isfile: 3 is a file
getfile 0000000000000003
getfile 0000000000000003 -> sz 29181
   getattr -> 29181
   unique: 400, success, outsize: 144
unique: 402, opcode: FORGET (2), nodeid: 2, insize: 48, pid: 0
unique: 404, opcode: GETATTR (3), nodeid: 3, insize: 56, pid: 1933
isfile: 3 is a file
getattr 0000000000000003 1
isfile: 3 is a file
getfile 0000000000000003
getfile 0000000000000003 -> sz 29181
   getattr -> 29181
   unique: 404, success, outsize: 120
unique: 406, opcode: LOOKUP (1), nodeid: 1, insize: 56, pid: 1933
want to look up :dorian_gray.txt, the parent inode: 1
want to check dir parent inode: 1
want to check dir parent inode: 1
isfile: 3 is a file
getattr 0000000000000003 1
isfile: 3 is a file
getfile 0000000000000003
getfile 0000000000000003 -> sz 29181
   getattr -> 29181
   unique: 406, success, outsize: 144
unique: 408, opcode: GETATTR (3), nodeid: 3, insize: 56, pid: 1933
isfile: 3 is a file
getattr 0000000000000003 1
isfile: 3 is a file
getfile 0000000000000003
getfile 0000000000000003 -> sz 29181
   getattr -> 29181
   unique: 408, success, outsize: 120
unique: 410, opcode: LOOKUP (1), nodeid: 1, insize: 56, pid: 1933
want to look up :dorian_gray.txt, the parent inode: 1
want to check dir parent inode: 1
want to check dir parent inode: 1
isfile: 3 is a file
getattr 0000000000000003 1
isfile: 3 is a file
getfile 0000000000000003
getfile 0000000000000003 -> sz 29181
   getattr -> 29181
   unique: 410, success, outsize: 144
unique: 412, opcode: LOOKUP (1), nodeid: 1, insize: 56, pid: 1933
want to look up :dorian_gray.txt, the parent inode: 1
want to check dir parent inode: 1
want to check dir parent inode: 1
isfile: 3 is a file
getattr 0000000000000003 1
isfile: 3 is a file
getfile 0000000000000003
getfile 0000000000000003 -> sz 29181
   getattr -> 29181
   unique: 412, success, outsize: 144
unique: 414, opcode: UNLINK (10), nodeid: 1, insize: 56, pid: 1933
want to check dir parent inode: 1
want to look up :dorian_gray.txt, the parent inode: 1
want to check dir parent inode: 1
want to check dir parent inode: 1
isfile: 3 is a file
want to check dir parent inode: 1
   unique: 414, success, outsize: 16
unique: 416, opcode: LOOKUP (1), nodeid: 1, insize: 57, pid: 1933
want to look up :frankenstein.txt, the parent inode: 1
want to check dir parent inode: 1
want to check dir parent inode: 1
isfile: 4 is a file
getattr 0000000000000004 1
isfile: 4 is a file
getfile 0000000000000004
getfile 0000000000000004 -> sz 6964
   getattr -> 6964
   unique: 416, success, outsize: 144
unique: 418, opcode: FORGET (2), nodeid: 3, insize: 48, pid: 0
unique: 420, opcode: GETATTR (3), nodeid: 4, insize: 56, pid: 1933
isfile: 4 is a file
getattr 0000000000000004 1
isfile: 4 is a file
getfile 0000000000000004
getfile 0000000000000004 -> sz 6964
   getattr -> 6964
   unique: 420, success, outsize: 120
unique: 422, opcode: LOOKUP (1), nodeid: 1, insize: 57, pid: 1933
want to look up :frankenstein.txt, the parent inode: 1
want to check dir parent inode: 1
want to check dir parent inode: 1
isfile: 4 is a file
getattr 0000000000000004 1
isfile: 4 is a file
getfile 0000000000000004
getfile 0000000000000004 -> sz 6964
   getattr -> 6964
   unique: 422, success, outsize: 144
unique: 424, opcode: GETATTR (3), nodeid: 4, insize: 56, pid: 1933
isfile: 4 is a file
getattr 0000000000000004 1
isfile: 4 is a file
getfile 0000000000000004
getfile 0000000000000004 -> sz 6964
   getattr -> 6964
   unique: 424, success, outsize: 120
unique: 426, opcode: LOOKUP (1), nodeid: 1, insize: 57, pid: 1933
want to look up :frankenstein.txt, the parent inode: 1
want to check dir parent inode: 1
want to check dir parent inode: 1
isfile: 4 is a file
getattr 0000000000000004 1
isfile: 4 is a file
getfile 0000000000000004
getfile 0000000000000004 -> sz 6964
   getattr -> 6964
   unique: 426, success, outsize: 144
unique: 428, opcode: LOOKUP (1), nodeid: 1, insize: 57, pid: 1933
want to look up :frankenstein.txt, the parent inode: 1
want to check dir parent inode: 1
want to check dir parent inode: 1
isfile: 4 is a file
getattr 0000000000000004 1
isfile: 4 is a file
getfile 0000000000000004
getfile 0000000000000004 -> sz 6964
   getattr -> 6964
   unique: 428, success, outsize: 144
unique: 430, opcode: UNLINK (10), nodeid: 1, insize: 57, pid: 1933
want to check dir parent inode: 1
want to look up :frankenstein.txt, the parent inode: 1
want to check dir parent inode: 1
want to check dir parent inode: 1
isfile: 4 is a file
want to check dir parent inode: 1
   unique: 430, success, outsize: 16
unique: 432, opcode: LOOKUP (1), nodeid: 1, insize: 58, pid: 1933
want to look up :metamorphosis.txt, the parent inode: 1
want to check dir parent inode: 1
want to check dir parent inode: 1
isfile: 5 is a file
getattr 0000000000000005 1
isfile: 5 is a file
getfile 0000000000000005
getfile 0000000000000005 -> sz 38344
   getattr -> 38344
   unique: 432, success, outsize: 144
unique: 434, opcode: FORGET (2), nodeid: 4, insize: 48, pid: 0
unique: 436, opcode: GETATTR (3), nodeid: 5, insize: 56, pid: 1933
isfile: 5 is a file
getattr 0000000000000005 1
isfile: 5 is a file
getfile 0000000000000005
getfile 0000000000000005 -> sz 38344
   getattr -> 38344
   unique: 436, success, outsize: 120
unique: 438, opcode: LOOKUP (1), nodeid: 1, insize: 58, pid: 1933
want to look up :metamorphosis.txt, the parent inode: 1
want to check dir parent inode: 1
want to check dir parent inode: 1
isfile: 5 is a file
getattr 0000000000000005 1
isfile: 5 is a file
getfile 0000000000000005
getfile 0000000000000005 -> sz 38344
   getattr -> 38344
   unique: 438, success, outsize: 144
unique: 440, opcode: GETATTR (3), nodeid: 5, insize: 56, pid: 1933
isfile: 5 is a file
getattr 0000000000000005 1
isfile: 5 is a file
getfile 0000000000000005
getfile 0000000000000005 -> sz 38344
   getattr -> 38344
   unique: 440, success, outsize: 120
unique: 442, opcode: LOOKUP (1), nodeid: 1, insize: 58, pid: 1933
want to look up :metamorphosis.txt, the parent inode: 1
want to check dir parent inode: 1
want to check dir parent inode: 1
isfile: 5 is a file
getattr 0000000000000005 1
isfile: 5 is a file
getfile 0000000000000005
getfile 0000000000000005 -> sz 38344
   getattr -> 38344
   unique: 442, success, outsize: 144
unique: 444, opcode: LOOKUP (1), nodeid: 1, insize: 58, pid: 1933
want to look up :metamorphosis.txt, the parent inode: 1
want to check dir parent inode: 1
want to check dir parent inode: 1
isfile: 5 is a file
getattr 0000000000000005 1
isfile: 5 is a file
getfile 0000000000000005
getfile 0000000000000005 -> sz 38344
   getattr -> 38344
   unique: 444, success, outsize: 144
unique: 446, opcode: UNLINK (10), nodeid: 1, insize: 58, pid: 1933
want to check dir parent inode: 1
want to look up :metamorphosis.txt, the parent inode: 1
want to check dir parent inode: 1
want to check dir parent inode: 1
isfile: 5 is a file
want to check dir parent inode: 1
   unique: 446, success, outsize: 16
unique: 448, opcode: LOOKUP (1), nodeid: 1, insize: 46, pid: 1933
want to look up :mr-wc, the parent inode: 1
want to check dir parent inode: 1
want to check dir parent inode: 1
isfile: 9 is a file
getattr 0000000000000009 1
isfile: 9 is a file
getfile 0000000000000009
getfile 0000000000000009 -> sz 39257
   getattr -> 39257
   unique: 448, success, outsize: 144
unique: 450, opcode: FORGET (2), nodeid: 5, insize: 48, pid: 0
unique: 452, opcode: GETATTR (3), nodeid: 9, insize: 56, pid: 1933
isfile: 9 is a file
getattr 0000000000000009 1
isfile: 9 is a file
getfile 0000000000000009
getfile 0000000000000009 -> sz 39257
   getattr -> 39257
   unique: 452, success, outsize: 120
unique: 454, opcode: LOOKUP (1), nodeid: 1, insize: 46, pid: 1933
want to look up :mr-wc, the parent inode: 1
want to check dir parent inode: 1
want to check dir parent inode: 1
isfile: 9 is a file
getattr 0000000000000009 1
isfile: 9 is a file
getfile 0000000000000009
getfile 0000000000000009 -> sz 39257
   getattr -> 39257
   unique: 454, success, outsize: 144
unique: 456, opcode: GETATTR (3), nodeid: 9, insize: 56, pid: 1933
isfile: 9 is a file
getattr 0000000000000009 1
isfile: 9 is a file
getfile 0000000000000009
getfile 0000000000000009 -> sz 39257
   getattr -> 39257
   unique: 456, success, outsize: 120
unique: 458, opcode: LOOKUP (1), nodeid: 1, insize: 46, pid: 1933
want to look up :mr-wc, the parent inode: 1
want to check dir parent inode: 1
want to check dir parent inode: 1
isfile: 9 is a file
getattr 0000000000000009 1
isfile: 9 is a file
getfile 0000000000000009
getfile 0000000000000009 -> sz 39257
   getattr -> 39257
   unique: 458, success, outsize: 144
unique: 460, opcode: LOOKUP (1), nodeid: 1, insize: 46, pid: 1933
want to look up :mr-wc, the parent inode: 1
want to check dir parent inode: 1
want to check dir parent inode: 1
isfile: 9 is a file
getattr 0000000000000009 1
isfile: 9 is a file
getfile 0000000000000009
getfile 0000000000000009 -> sz 39257
   getattr -> 39257
   unique: 460, success, outsize: 144
unique: 462, opcode: UNLINK (10), nodeid: 1, insize: 46, pid: 1933
want to check dir parent inode: 1
want to look up :mr-wc, the parent inode: 1
want to check dir parent inode: 1
want to check dir parent inode: 1
isfile: 9 is a file
want to check dir parent inode: 1
   unique: 462, success, outsize: 16
unique: 464, opcode: LOOKUP (1), nodeid: 1, insize: 60, pid: 1933
want to look up :sherlock_holmes.txt, the parent inode: 1
want to check dir parent inode: 1
want to check dir parent inode: 1
isfile: 6 is a file
getattr 0000000000000006 1
isfile: 6 is a file
getfile 0000000000000006
getfile 0000000000000006 -> sz 19654
   getattr -> 19654
   unique: 464, success, outsize: 144
unique: 466, opcode: FORGET (2), nodeid: 9, insize: 48, pid: 0
unique: 468, opcode: GETATTR (3), nodeid: 6, insize: 56, pid: 1933
isfile: 6 is a file
getattr 0000000000000006 1
isfile: 6 is a file
getfile 0000000000000006
getfile 0000000000000006 -> sz 19654
   getattr -> 19654
   unique: 468, success, outsize: 120
unique: 470, opcode: LOOKUP (1), nodeid: 1, insize: 60, pid: 1933
want to look up :sherlock_holmes.txt, the parent inode: 1
want to check dir parent inode: 1
want to check dir parent inode: 1
isfile: 6 is a file
getattr 0000000000000006 1
isfile: 6 is a file
getfile 0000000000000006
getfile 0000000000000006 -> sz 19654
   getattr -> 19654
   unique: 470, success, outsize: 144
unique: 472, opcode: GETATTR (3), nodeid: 6, insize: 56, pid: 1933
isfile: 6 is a file
getattr 0000000000000006 1
isfile: 6 is a file
getfile 0000000000000006
getfile 0000000000000006 -> sz 19654
   getattr -> 19654
   unique: 472, success, outsize: 120
unique: 474, opcode: LOOKUP (1), nodeid: 1, insize: 60, pid: 1933
want to look up :sherlock_holmes.txt, the parent inode: 1
want to check dir parent inode: 1
want to check dir parent inode: 1
isfile: 6 is a file
getattr 0000000000000006 1
isfile: 6 is a file
getfile 0000000000000006
getfile 0000000000000006 -> sz 19654
   getattr -> 19654
   unique: 474, success, outsize: 144
unique: 476, opcode: LOOKUP (1), nodeid: 1, insize: 60, pid: 1933
want to look up :sherlock_holmes.txt, the parent inode: 1
want to check dir parent inode: 1
want to check dir parent inode: 1
isfile: 6 is a file
getattr 0000000000000006 1
isfile: 6 is a file
getfile 0000000000000006
getfile 0000000000000006 -> sz 19654
   getattr -> 19654
   unique: 476, success, outsize: 144
unique: 478, opcode: UNLINK (10), nodeid: 1, insize: 60, pid: 1933
want to check dir parent inode: 1
want to look up :sherlock_holmes.txt, the parent inode: 1
want to check dir parent inode: 1
want to check dir parent inode: 1
isfile: 6 is a file
want to check dir parent inode: 1
   unique: 478, success, outsize: 16
unique: 480, opcode: LOOKUP (1), nodeid: 1, insize: 55, pid: 1933
want to look up :tom_sawyer.txt, the parent inode: 1
want to check dir parent inode: 1
want to check dir parent inode: 1
isfile: 7 is a file
getattr 0000000000000007 1
isfile: 7 is a file
getfile 0000000000000007
getfile 0000000000000007 -> sz 6770
   getattr -> 6770
   unique: 480, success, outsize: 144
unique: 482, opcode: FORGET (2), nodeid: 6, insize: 48, pid: 0
unique: 484, opcode: GETATTR (3), nodeid: 7, insize: 56, pid: 1933
isfile: 7 is a file
getattr 0000000000000007 1
isfile: 7 is a file
getfile 0000000000000007
getfile 0000000000000007 -> sz 6770
   getattr -> 6770
   unique: 484, success, outsize: 120
unique: 486, opcode: LOOKUP (1), nodeid: 1, insize: 55, pid: 1933
want to look up :tom_sawyer.txt, the parent inode: 1
want to check dir parent inode: 1
want to check dir parent inode: 1
isfile: 7 is a file
getattr 0000000000000007 1
isfile: 7 is a file
getfile 0000000000000007
getfile 0000000000000007 -> sz 6770
   getattr -> 6770
   unique: 486, success, outsize: 144
unique: 488, opcode: GETATTR (3), nodeid: 7, insize: 56, pid: 1933
isfile: 7 is a file
getattr 0000000000000007 1
isfile: 7 is a file
getfile 0000000000000007
getfile 0000000000000007 -> sz 6770
   getattr -> 6770
   unique: 488, success, outsize: 120
unique: 490, opcode: LOOKUP (1), nodeid: 1, insize: 55, pid: 1933
want to look up :tom_sawyer.txt, the parent inode: 1
want to check dir parent inode: 1
want to check dir parent inode: 1
isfile: 7 is a file
getattr 0000000000000007 1
isfile: 7 is a file
getfile 0000000000000007
getfile 0000000000000007 -> sz 6770
   getattr -> 6770
   unique: 490, success, outsize: 144
unique: 492, opcode: LOOKUP (1), nodeid: 1, insize: 55, pid: 1933
want to look up :tom_sawyer.txt, the parent inode: 1
want to check dir parent inode: 1
want to check dir parent inode: 1
isfile: 7 is a file
getattr 0000000000000007 1
isfile: 7 is a file
getfile 0000000000000007
getfile 0000000000000007 -> sz 6770
   getattr -> 6770
   unique: 492, success, outsize: 144
unique: 494, opcode: UNLINK (10), nodeid: 1, insize: 55, pid: 1933
want to check dir parent inode: 1
want to look up :tom_sawyer.txt, the parent inode: 1
want to check dir parent inode: 1
want to check dir parent inode: 1
isfile: 7 is a file
want to check dir parent inode: 1
   unique: 494, success, outsize: 16
unique: 496, opcode: GETATTR (3), nodeid: 1, insize: 56, pid: 1931
getattr 0000000000000001 0
isfile: 1 is a dir
getdir 0000000000000001
   getattr -> 1670411427 1670411427 1670411427
   unique: 496, success, outsize: 120
unique: 498, opcode: FORGET (2), nodeid: 7, insize: 48, pid: 0
unique: 500, opcode: GETATTR (3), nodeid: 1, insize: 56, pid: 1931
getattr 0000000000000001 0
isfile: 1 is a dir
getdir 0000000000000001
   getattr -> 1670411427 1670411427 1670411427
   unique: 500, success, outsize: 120
unique: 502, opcode: GETATTR (3), nodeid: 1, insize: 56, pid: 1934
getattr 0000000000000001 0
isfile: 1 is a dir
getdir 0000000000000001
   getattr -> 1670411427 1670411427 1670411427
   unique: 502, success, outsize: 120
unique: 504, opcode: GETATTR (3), nodeid: 1, insize: 56, pid: 1949
getattr 0000000000000001 0
isfile: 1 is a dir
getdir 0000000000000001
   getattr -> 1670411427 1670411427 1670411427
   unique: 504, success, outsize: 120
unique: 506, opcode: GETATTR (3), nodeid: 1, insize: 56, pid: 1950
getattr 0000000000000001 0
isfile: 1 is a dir
getdir 0000000000000001
   getattr -> 1670411427 1670411427 1670411427
   unique: 506, success, outsize: 120
unique: 508, opcode: GETATTR (3), nodeid: 1, insize: 56, pid: 1951
getattr 0000000000000001 0
isfile: 1 is a dir
getdir 0000000000000001
   getattr -> 1670411427 1670411427 1670411427
   unique: 508, success, outsize: 120
unique: 510, opcode: GETATTR (3), nodeid: 1, insize: 56, pid: 1948
getattr 0000000000000001 0
isfile: 1 is a dir
getdir 0000000000000001
   getattr -> 1670411427 1670411427 1670411427
   unique: 510, success, outsize: 120
unique: 512, opcode: LOOKUP (1), nodeid: 1, insize: 49, pid: 1939
want to look up :mr-out-0, the parent inode: 1
want to check dir parent inode: 1
want to check dir parent inode: 1
   unique: 512, error: -2 (No such file or directory), outsize: 16
unique: 514, opcode: CREATE (35), nodeid: 1, insize: 65, pid: 1939
create helper: 1, the name: mr-out-0, the type: 2
want to create file: mr-out-0, the parent inode: 1
want to check dir parent inode: 1
want to look up :mr-out-0, the parent inode: 1
want to check dir parent inode: 1
want to check dir parent inode: 1
isfile: 10 is a file
getattr 000000000000000a 1
isfile: 10 is a file
getfile 000000000000000a
getfile 000000000000000a -> sz 0
   getattr -> 0
   unique: 514, success, outsize: 160
OK: create returns.
unique: 516, opcode: WRITE (16), nodeid: 10, insize: 4176, pid: 1939
   unique: 516, success, outsize: 24
unique: 518, opcode: WRITE (16), nodeid: 10, insize: 4176, pid: 1939
   unique: 518, success, outsize: 24
unique: 520, opcode: WRITE (16), nodeid: 10, insize: 4176, pid: 1939
   unique: 520, success, outsize: 24
unique: 522, opcode: WRITE (16), nodeid: 10, insize: 4176, pid: 1939
   unique: 522, success, outsize: 24
unique: 524, opcode: WRITE (16), nodeid: 10, insize: 4176, pid: 1939
   unique: 524, success, outsize: 24
unique: 526, opcode: WRITE (16), nodeid: 10, insize: 4176, pid: 1939
   unique: 526, success, outsize: 24
unique: 528, opcode: WRITE (16), nodeid: 10, insize: 4176, pid: 1939
   unique: 528, success, outsize: 24
unique: 530, opcode: WRITE (16), nodeid: 10, insize: 4176, pid: 1939
   unique: 530, success, outsize: 24
unique: 532, opcode: WRITE (16), nodeid: 10, insize: 4176, pid: 1939
   unique: 532, success, outsize: 24
unique: 534, opcode: WRITE (16), nodeid: 10, insize: 2473, pid: 1939
   unique: 534, success, outsize: 24
unique: 536, opcode: RELEASE (18), nodeid: 10, insize: 64, pid: 0
   unique: 536, success, outsize: 16
unique: 538, opcode: OPENDIR (27), nodeid: 1, insize: 48, pid: 1961
   unique: 538, success, outsize: 32
unique: 540, opcode: GETATTR (3), nodeid: 1, insize: 56, pid: 1961
getattr 0000000000000001 0
isfile: 1 is a dir
getdir 0000000000000001
   getattr -> 1670411432 1670411432 1670411432
   unique: 540, success, outsize: 120
unique: 542, opcode: GETATTR (3), nodeid: 1, insize: 56, pid: 1962
getattr 0000000000000001 0
isfile: 1 is a dir
getdir 0000000000000001
   getattr -> 1670411432 1670411432 1670411432
   unique: 542, success, outsize: 120
unique: 544, opcode: READDIR (28), nodeid: 1, insize: 80, pid: 1961
isfile: 1 is a dir
want to check dir parent inode: 1
   unique: 544, success, outsize: 48
unique: 546, opcode: READDIR (28), nodeid: 1, insize: 80, pid: 1961
isfile: 1 is a dir
want to check dir parent inode: 1
   unique: 546, success, outsize: 16
unique: 548, opcode: RELEASEDIR (29), nodeid: 1, insize: 64, pid: 0
   unique: 548, success, outsize: 16
unique: 550, opcode: GETATTR (3), nodeid: 1, insize: 56, pid: 1961
getattr 0000000000000001 0
isfile: 1 is a dir
getdir 0000000000000001
   getattr -> 1670411437 1670411432 1670411432
   unique: 550, success, outsize: 120
unique: 552, opcode: LOOKUP (1), nodeid: 1, insize: 50, pid: 1962
want to look up :mr-wc-all, the parent inode: 1
want to check dir parent inode: 1
want to check dir parent inode: 1
   unique: 552, error: -2 (No such file or directory), outsize: 16
unique: 554, opcode: LOOKUP (1), nodeid: 1, insize: 49, pid: 1961
want to look up :mr-out-0, the parent inode: 1
want to check dir parent inode: 1
want to check dir parent inode: 1
isfile: 10 is a file
getattr 000000000000000a 1
isfile: 10 is a file
getfile 000000000000000a
getfile 000000000000000a -> sz 39257
   getattr -> 39257
   unique: 554, success, outsize: 144
unique: 556, opcode: CREATE (35), nodeid: 1, insize: 66, pid: 1962
create helper: 1, the name: mr-wc-all, the type: 2
want to create file: mr-wc-all, the parent inode: 1
want to check dir parent inode: 1
want to look up :mr-wc-all, the parent inode: 1
want to check dir parent inode: 1
want to check dir parent inode: 1
isfile: 11 is a file
getattr 000000000000000b 1
isfile: 11 is a file
getfile 000000000000000b
getfile 000000000000000b -> sz 0
   getattr -> 0
   unique: 556, success, outsize: 160
OK: create returns.
unique: 558, opcode: GETATTR (3), nodeid: 10, insize: 56, pid: 1961
isfile: 10 is a file
getattr 000000000000000a 1
isfile: 10 is a file
getfile 000000000000000a
getfile 000000000000000a -> sz 39257
   getattr -> 39257
   unique: 558, success, outsize: 120
unique: 560, opcode: GETATTR (3), nodeid: 11, insize: 56, pid: 1962
isfile: 11 is a file
getattr 000000000000000b 1
isfile: 11 is a file
getfile 000000000000000b
getfile 000000000000000b -> sz 0
   getattr -> 0
   unique: 560, success, outsize: 120
unique: 562, opcode: LOOKUP (1), nodeid: 1, insize: 49, pid: 1961
want to look up :mr-out-0, the parent inode: 1
want to check dir parent inode: 1
want to check dir parent inode: 1
isfile: 10 is a file
getattr 000000000000000a 1
isfile: 10 is a file
getfile 000000000000000a
getfile 000000000000000a -> sz 39257
   getattr -> 39257
   unique: 562, success, outsize: 144
unique: 564, opcode: LOOKUP (1), nodeid: 1, insize: 49, pid: 1961
want to look up :mr-out-0, the parent inode: 1
want to check dir parent inode: 1
want to check dir parent inode: 1
isfile: 10 is a file
getattr 000000000000000a 1
isfile: 10 is a file
getfile 000000000000000a
getfile 000000000000000a -> sz 39257
   getattr -> 39257
   unique: 564, success, outsize: 144
unique: 566, opcode: OPEN (14), nodeid: 10, insize: 48, pid: 1961
   unique: 566, success, outsize: 32
unique: 568, opcode: GETATTR (3), nodeid: 10, insize: 56, pid: 1961
isfile: 10 is a file
getattr 000000000000000a 1
isfile: 10 is a file
getfile 000000000000000a
getfile 000000000000000a -> sz 39257
   getattr -> 39257
   unique: 568, success, outsize: 120
unique: 570, opcode: GETATTR (3), nodeid: 10, insize: 56, pid: 1961
isfile: 10 is a file
getattr 000000000000000a 1
isfile: 10 is a file
getfile 000000000000000a
getfile 000000000000000a -> sz 39257
   getattr -> 39257
   unique: 570, success, outsize: 120
unique: 572, opcode: READ (15), nodeid: 10, insize: 80, pid: 1961
   unique: 572, success, outsize: 39273
unique: 574, opcode: GETATTR (3), nodeid: 10, insize: 56, pid: 1961
isfile: 10 is a file
getattr 000000000000000a 1
isfile: 10 is a file
getfile 000000000000000a
getfile 000000000000000a -> sz 39257
   getattr -> 39257
   unique: 574, success, outsize: 120
unique: 576, opcode: GETATTR (3), nodeid: 10, insize: 56, pid: 1961
isfile: 10 is a file
getattr 000000000000000a 1
isfile: 10 is a file
getfile 000000000000000a
getfile 000000000000000a -> sz 39257
   getattr -> 39257
   unique: 576, success, outsize: 120
unique: 578, opcode: RELEASE (18), nodeid: 10, insize: 64, pid: 0
   unique: 578, success, outsize: 16
unique: 580, opcode: GETATTR (3), nodeid: 11, insize: 56, pid: 1962
isfile: 11 is a file
getattr 000000000000000b 1
isfile: 11 is a file
getfile 000000000000000b
getfile 000000000000000b -> sz 0
   getattr -> 0
   unique: 580, success, outsize: 120
unique: 582, opcode: WRITE (16), nodeid: 11, insize: 4176, pid: 1962
   unique: 582, success, outsize: 24
unique: 584, opcode: WRITE (16), nodeid: 11, insize: 4176, pid: 1962
   unique: 584, success, outsize: 24
unique: 586, opcode: WRITE (16), nodeid: 11, insize: 4176, pid: 1962
   unique: 586, success, outsize: 24
unique: 588, opcode: WRITE (16), nodeid: 11, insize: 4176, pid: 1962
   unique: 588, success, outsize: 24
unique: 590, opcode: WRITE (16), nodeid: 11, insize: 4176, pid: 1962
   unique: 590, success, outsize: 24
unique: 592, opcode: WRITE (16), nodeid: 11, insize: 4176, pid: 1962
   unique: 592, success, outsize: 24
unique: 594, opcode: WRITE (16), nodeid: 11, insize: 4176, pid: 1962
   unique: 594, success, outsize: 24
unique: 596, opcode: WRITE (16), nodeid: 11, insize: 4176, pid: 1962
   unique: 596, success, outsize: 24
unique: 598, opcode: WRITE (16), nodeid: 11, insize: 4176, pid: 1962
   unique: 598, success, outsize: 24
unique: 600, opcode: WRITE (16), nodeid: 11, insize: 2473, pid: 1962
   unique: 600, success, outsize: 24
unique: 602, opcode: RELEASE (18), nodeid: 11, insize: 64, pid: 0
   unique: 602, success, outsize: 16
unique: 604, opcode: GETATTR (3), nodeid: 1, insize: 56, pid: 1931
getattr 0000000000000001 0
isfile: 1 is a dir
getdir 0000000000000001
   getattr -> 1670411441 1670411439 1670411439
   unique: 604, success, outsize: 120
unique: 606, opcode: GETATTR (3), nodeid: 1, insize: 56, pid: 1931
getattr 0000000000000001 0
isfile: 1 is a dir
getdir 0000000000000001
   getattr -> 1670411441 1670411439 1670411439
   unique: 606, success, outsize: 120
unique: 608, opcode: OPENDIR (27), nodeid: 1, insize: 48, pid: 1964
   unique: 608, success, outsize: 32
unique: 610, opcode: RELEASEDIR (29), nodeid: 1, insize: 64, pid: 0
   unique: 610, success, outsize: 16
unique: 612, opcode: GETATTR (3), nodeid: 1, insize: 56, pid: 1931
getattr 0000000000000001 0
isfile: 1 is a dir
getdir 0000000000000001
   getattr -> 1670411441 1670411439 1670411439
   unique: 612, success, outsize: 120
unique: 614, opcode: LOOKUP (1), nodeid: 1, insize: 50, pid: 1973
want to look up :mr-wc-all, the parent inode: 1
want to check dir parent inode: 1
want to check dir parent inode: 1
isfile: 11 is a file
getattr 000000000000000b 1
isfile: 11 is a file
getfile 000000000000000b
getfile 000000000000000b -> sz 39257
   getattr -> 39257
   unique: 614, success, outsize: 144
unique: 616, opcode: OPEN (14), nodeid: 11, insize: 48, pid: 1973
   unique: 616, success, outsize: 32
unique: 618, opcode: GETATTR (3), nodeid: 11, insize: 56, pid: 1973
isfile: 11 is a file
getattr 000000000000000b 1
isfile: 11 is a file
getfile 000000000000000b
getfile 000000000000000b -> sz 39257
   getattr -> 39257
   unique: 618, success, outsize: 120
unique: 620, opcode: GETATTR (3), nodeid: 11, insize: 56, pid: 1973
isfile: 11 is a file
getattr 000000000000000b 1
isfile: 11 is a file
getfile 000000000000000b
getfile 000000000000000b -> sz 39257
   getattr -> 39257
   unique: 620, success, outsize: 120
unique: 622, opcode: READ (15), nodeid: 11, insize: 80, pid: 1973
   unique: 622, success, outsize: 39273
unique: 624, opcode: GETATTR (3), nodeid: 11, insize: 56, pid: 1973
isfile: 11 is a file
getattr 000000000000000b 1
isfile: 11 is a file
getfile 000000000000000b
getfile 000000000000000b -> sz 39257
   getattr -> 39257
   unique: 624, success, outsize: 120
unique: 626, opcode: RELEASE (18), nodeid: 11, insize: 64, pid: 0
   unique: 626, success, outsize: 16
unique: 628, opcode: GETATTR (3), nodeid: 1, insize: 56, pid: 1931
getattr 0000000000000001 0
isfile: 1 is a dir
getdir 0000000000000001
   getattr -> 1670411450 1670411439 1670411439
   unique: 628, success, outsize: 120
unique: 630, opcode: LOOKUP (1), nodeid: 1, insize: 50, pid: 1974
want to look up :mr-wc-all, the parent inode: 1
want to check dir parent inode: 1
want to check dir parent inode: 1
isfile: 11 is a file
getattr 000000000000000b 1
isfile: 11 is a file
getfile 000000000000000b
getfile 000000000000000b -> sz 39257
   getattr -> 39257
   unique: 630, success, outsize: 144
unique: 632, opcode: OPEN (14), nodeid: 11, insize: 48, pid: 1974
   unique: 632, success, outsize: 32
unique: 634, opcode: GETATTR (3), nodeid: 11, insize: 56, pid: 1974
isfile: 11 is a file
getattr 000000000000000b 1
isfile: 11 is a file
getfile 000000000000000b
getfile 000000000000000b -> sz 39257
   getattr -> 39257
   unique: 634, success, outsize: 120
unique: 636, opcode: READ (15), nodeid: 11, insize: 80, pid: 1974
   unique: 636, success, outsize: 16400
unique: 638, opcode: READ (15), nodeid: 11, insize: 80, pid: 1974
   unique: 638, success, outsize: 22889
unique: 640, opcode: GETATTR (3), nodeid: 11, insize: 56, pid: 1974
isfile: 11 is a file
getattr 000000000000000b 1
isfile: 11 is a file
getfile 000000000000000b
getfile 000000000000000b -> sz 39257
   getattr -> 39257
   unique: 640, success, outsize: 120
unique: 642, opcode: GETATTR (3), nodeid: 11, insize: 56, pid: 1974
isfile: 11 is a file
getattr 000000000000000b 1
isfile: 11 is a file
getfile 000000000000000b
getfile 000000000000000b -> sz 39257
   getattr -> 39257
   unique: 642, success, outsize: 120
unique: 644, opcode: RELEASE (18), nodeid: 11, insize: 64, pid: 0
   unique: 644, success, outsize: 16
